<?xml version="1.0" encoding="UTF-8"?>
<coverage generated="1767585604316" clover="3.2.0">
  <project timestamp="1767585604316" name="All files">
    <metrics statements="22" coveredstatements="13" conditionals="3" coveredconditionals="3" methods="7" coveredmethods="4" elements="32" coveredelements="20" complexity="0" loc="22" ncloc="22" packages="1" files="3" classes="3"/>
    <file name="isLocalHost.ts" path="/Users/paulmilla/git/incahoots-web/src/utils/isLocalHost.ts">
      <metrics statements="4" coveredstatements="4" conditionals="3" coveredconditionals="3" methods="1" coveredmethods="1"/>
      <line num="2" count="9" type="stmt"/>
      <line num="3" count="9" type="stmt"/>
      <line num="4" count="9" type="stmt"/>
      <line num="10" count="2" type="stmt"/>
    </file>
    <file name="timestamps.ts" path="/Users/paulmilla/git/incahoots-web/src/utils/timestamps.ts">
      <metrics statements="15" coveredstatements="6" conditionals="0" coveredconditionals="0" methods="4" coveredmethods="1"/>
      <line num="9" count="0" type="stmt"/>
      <line num="11" count="0" type="stmt"/>
      <line num="17" count="0" type="stmt"/>
      <line num="23" count="0" type="stmt"/>
      <line num="24" count="0" type="stmt"/>
      <line num="26" count="0" type="stmt"/>
      <line num="30" count="0" type="stmt"/>
      <line num="31" count="0" type="stmt"/>
      <line num="35" count="0" type="stmt"/>
      <line num="39" count="3" type="stmt"/>
      <line num="40" count="3" type="stmt"/>
      <line num="41" count="3" type="stmt"/>
      <line num="42" count="3" type="stmt"/>
      <line num="43" count="3" type="stmt"/>
      <line num="45" count="3" type="stmt"/>
    </file>
    <file name="user.ts" path="/Users/paulmilla/git/incahoots-web/src/utils/user.ts">
      <metrics statements="3" coveredstatements="3" conditionals="0" coveredconditionals="0" methods="2" coveredmethods="2"/>
      <line num="2" count="4" type="stmt"/>
      <line num="3" count="8" type="stmt"/>
      <line num="4" count="4" type="stmt"/>
    </file>
  </project>
</coverage>
