{"/Users/paulmilla/git/incahoots-web/src/utils/isLocalHost.ts": {"path":"/Users/paulmilla/git/incahoots-web/src/utils/isLocalHost.ts","statementMap":{"0":{"start":{"line":2,"column":2},"end":{"line":11,"column":null}},"1":{"start":{"line":3,"column":22},"end":{"line":3,"column":null}},"2":{"start":{"line":4,"column":4},"end":{"line":7,"column":null}},"3":{"start":{"line":10,"column":4},"end":{"line":10,"column":null}}},"fnMap":{"0":{"name":"isLocalhost","decl":{"start":{"line":1,"column":16},"end":{"line":1,"column":28}},"loc":{"start":{"line":1,"column":50},"end":{"line":12,"column":null}},"line":1}},"branchMap":{"0":{"loc":{"start":{"line":5,"column":6},"end":{"line":7,"column":null}},"type":"binary-expr","locations":[{"start":{"line":5,"column":6},"end":{"line":5,"column":null}},{"start":{"line":6,"column":6},"end":{"line":6,"column":null}},{"start":{"line":7,"column":6},"end":{"line":7,"column":null}}],"line":5}},"s":{"0":9,"1":9,"2":9,"3":2},"f":{"0":9},"b":{"0":[9,5,3]},"meta":{"lastBranch":1,"lastFunction":1,"lastStatement":4,"seen":{"f:1:16:1:28":0,"s:2:2:11:Infinity":0,"s:3:22:3:Infinity":1,"s:4:4:7:Infinity":2,"b:5:6:5:Infinity:6:6:6:Infinity:7:6:7:Infinity":0,"s:10:4:10:Infinity":3}}}
,"/Users/paulmilla/git/incahoots-web/src/utils/timestamps.ts": {"path":"/Users/paulmilla/git/incahoots-web/src/utils/timestamps.ts","statementMap":{"0":{"start":{"line":9,"column":17},"end":{"line":9,"column":null}},"1":{"start":{"line":11,"column":52},"end":{"line":15,"column":null}},"2":{"start":{"line":17,"column":52},"end":{"line":21,"column":null}},"3":{"start":{"line":23,"column":23},"end":{"line":23,"column":null}},"4":{"start":{"line":24,"column":23},"end":{"line":24,"column":null}},"5":{"start":{"line":26,"column":4},"end":{"line":26,"column":null}},"6":{"start":{"line":30,"column":17},"end":{"line":30,"column":null}},"7":{"start":{"line":31,"column":4},"end":{"line":31,"column":null}},"8":{"start":{"line":35,"column":4},"end":{"line":35,"column":null}},"9":{"start":{"line":39,"column":15},"end":{"line":39,"column":null}},"10":{"start":{"line":40,"column":8},"end":{"line":40,"column":null}},"11":{"start":{"line":41,"column":14},"end":{"line":41,"column":null}},"12":{"start":{"line":42,"column":16},"end":{"line":42,"column":null}},"13":{"start":{"line":43,"column":18},"end":{"line":43,"column":null}},"14":{"start":{"line":45,"column":2},"end":{"line":45,"column":null}}},"fnMap":{"0":{"name":"convertFirestoreTimestampToDateString","decl":{"start":{"line":8,"column":16},"end":{"line":8,"column":54}},"loc":{"start":{"line":8,"column":79},"end":{"line":27,"column":null}},"line":8},"1":{"name":"convertFirestoreTimestampToIsoString","decl":{"start":{"line":29,"column":16},"end":{"line":29,"column":53}},"loc":{"start":{"line":29,"column":83},"end":{"line":32,"column":null}},"line":29},"2":{"name":"convertDateToFirestoreTimestamp","decl":{"start":{"line":34,"column":16},"end":{"line":34,"column":48}},"loc":{"start":{"line":34,"column":71},"end":{"line":36,"column":null}},"line":34},"3":{"name":"convertDateToLocalString","decl":{"start":{"line":38,"column":16},"end":{"line":38,"column":41}},"loc":{"start":{"line":38,"column":53},"end":{"line":46,"column":null}},"line":38}},"branchMap":{},"s":{"0":0,"1":0,"2":0,"3":0,"4":0,"5":0,"6":0,"7":0,"8":0,"9":3,"10":3,"11":3,"12":3,"13":3,"14":3},"f":{"0":0,"1":0,"2":0,"3":3},"b":{},"meta":{"lastBranch":0,"lastFunction":4,"lastStatement":15,"seen":{"f:8:16:8:54":0,"s:9:17:9:Infinity":0,"s:11:52:15:Infinity":1,"s:17:52:21:Infinity":2,"s:23:23:23:Infinity":3,"s:24:23:24:Infinity":4,"s:26:4:26:Infinity":5,"f:29:16:29:53":1,"s:30:17:30:Infinity":6,"s:31:4:31:Infinity":7,"f:34:16:34:48":2,"s:35:4:35:Infinity":8,"f:38:16:38:41":3,"s:39:15:39:Infinity":9,"s:40:8:40:Infinity":10,"s:41:14:41:Infinity":11,"s:42:16:42:Infinity":12,"s:43:18:43:Infinity":13,"s:45:2:45:Infinity":14}}}
,"/Users/paulmilla/git/incahoots-web/src/utils/user.ts": {"path":"/Users/paulmilla/git/incahoots-web/src/utils/user.ts","statementMap":{"0":{"start":{"line":2,"column":18},"end":{"line":2,"column":null}},"1":{"start":{"line":3,"column":21},"end":{"line":3,"column":null}},"2":{"start":{"line":3,"column":41},"end":{"line":3,"column":62}},"3":{"start":{"line":4,"column":4},"end":{"line":4,"column":null}}},"fnMap":{"0":{"name":"getInitials","decl":{"start":{"line":1,"column":16},"end":{"line":1,"column":28}},"loc":{"start":{"line":1,"column":46},"end":{"line":5,"column":null}},"line":1},"1":{"name":"(anonymous_1)","decl":{"start":{"line":3,"column":31},"end":{"line":3,"column":32}},"loc":{"start":{"line":3,"column":41},"end":{"line":3,"column":62}},"line":3}},"branchMap":{},"s":{"0":4,"1":4,"2":8,"3":4},"f":{"0":4,"1":8},"b":{},"meta":{"lastBranch":0,"lastFunction":2,"lastStatement":4,"seen":{"f:1:16:1:28":0,"s:2:18:2:Infinity":0,"s:3:21:3:Infinity":1,"f:3:31:3:32":1,"s:3:41:3:62":2,"s:4:4:4:Infinity":3}}}
}
